<?xml version="1.0" encoding="UTF-8"?>
<!-- Generated by org.testng.reporters.JUnitReportReporter -->
<testsuite hostname="RPIPL2-DT-DV018" name="testscripts.Driverscript" tests="1" failures="0" timestamp="6 Oct 2014 09:58:44 GMT" time="18.550" errors="0">
  <testcase name="AppTest" time="18.550" classname="testscripts.Driverscript"/>
</testsuite> <!-- testscripts.Driverscript -->
